{
  "RSpec": {
    "coverage": {
      "/Users/nicole/bootcamp/phase-3/wk1/brickbat/app/controllers/application_controller.rb": [
        1,
        1,
        null
      ],
      "/Users/nicole/bootcamp/phase-3/wk1/brickbat/app/helpers/application_helper.rb": [
        1,
        null
      ],
      "/Users/nicole/bootcamp/phase-3/wk1/brickbat/app/controllers/posts_controller.rb": [
        1,
        null,
        1,
        1,
        null,
        null,
        1,
        1,
        0,
        null,
        1,
        null,
        null,
        null,
        1,
        2,
        2,
        1,
        null,
        1,
        null,
        null,
        null,
        1,
        1,
        1,
        null,
        null,
        1,
        null,
        0,
        0,
        0,
        0,
        0,
        0,
        null,
        null,
        null
      ],
      "/Users/nicole/bootcamp/phase-3/wk1/brickbat/app/models/post.rb": [
        1,
        1,
        null,
        1,
        1,
        null,
        1,
        null
      ],
      "/Users/nicole/bootcamp/phase-3/wk1/brickbat/app/controllers/responses_controller.rb": [
        1,
        null,
        1,
        0,
        null,
        null,
        1,
        0,
        0,
        0,
        0,
        null,
        0,
        null,
        null,
        null,
        null,
        null
      ],
      "/Users/nicole/bootcamp/phase-3/wk1/brickbat/app/models/response.rb": [
        1,
        1,
        null,
        1,
        null,
        1,
        null,
        1,
        1,
        null,
        null,
        1,
        1,
        null,
        null
      ],
      "/Users/nicole/bootcamp/phase-3/wk1/brickbat/app/controllers/sessions_controller.rb": [
        1,
        1,
        null,
        1,
        0,
        null,
        0,
        0,
        0,
        null,
        1,
        0,
        0,
        null,
        null
      ],
      "/Users/nicole/bootcamp/phase-3/wk1/brickbat/app/models/user.rb": [
        1,
        1,
        1,
        0,
        0,
        0,
        0,
        0,
        0,
        0,
        null,
        null,
        null
      ]
    },
    "timestamp": 1385062616
  }
}
